Determining if the pthread_create exist failed with the following output:
Change Dir: /home/osboxes/catkin_ws/build/CMakeFiles/CMakeTmp

Run Build Command:/usr/bin/make "cmTryCompileExec454080399/fast"
/usr/bin/make -f CMakeFiles/cmTryCompileExec454080399.dir/build.make CMakeFiles/cmTryCompileExec454080399.dir/build
make[1]: Entering directory `/home/osboxes/catkin_ws/build/CMakeFiles/CMakeTmp'
/usr/bin/cmake -E cmake_progress_report /home/osboxes/catkin_ws/build/CMakeFiles/CMakeTmp/CMakeFiles 1
Building C object CMakeFiles/cmTryCompileExec454080399.dir/CheckSymbolExists.c.o
/usr/bin/cc    -o CMakeFiles/cmTryCompileExec454080399.dir/CheckSymbolExists.c.o   -c /home/osboxes/catkin_ws/build/CMakeFiles/CMakeTmp/CheckSymbolExists.c
Linking C executable cmTryCompileExec454080399
/usr/bin/cmake -E cmake_link_script CMakeFiles/cmTryCompileExec454080399.dir/link.txt --verbose=1
/usr/bin/cc       CMakeFiles/cmTryCompileExec454080399.dir/CheckSymbolExists.c.o  -o cmTryCompileExec454080399 -rdynamic 
CMakeFiles/cmTryCompileExec454080399.dir/CheckSymbolExists.c.o: In function `main':
CheckSymbolExists.c:(.text+0xa): undefined reference to `pthread_create'
collect2: error: ld returned 1 exit status
make[1]: Leaving directory `/home/osboxes/catkin_ws/build/CMakeFiles/CMakeTmp'
make[1]: *** [cmTryCompileExec454080399] Error 1
make: *** [cmTryCompileExec454080399/fast] Error 2

File /home/osboxes/catkin_ws/build/CMakeFiles/CMakeTmp/CheckSymbolExists.c:
/* */
#include <pthread.h>

int main(int argc, char** argv)
{
  (void)argv;
#ifndef pthread_create
  return ((int*)(&pthread_create))[argc];
#else
  (void)argc;
  return 0;
#endif
}

Determining if the function pthread_create exists in the pthreads failed with the following output:
Change Dir: /home/osboxes/catkin_ws/build/CMakeFiles/CMakeTmp

Run Build Command:/usr/bin/make "cmTryCompileExec2192570766/fast"
/usr/bin/make -f CMakeFiles/cmTryCompileExec2192570766.dir/build.make CMakeFiles/cmTryCompileExec2192570766.dir/build
make[1]: Entering directory `/home/osboxes/catkin_ws/build/CMakeFiles/CMakeTmp'
/usr/bin/cmake -E cmake_progress_report /home/osboxes/catkin_ws/build/CMakeFiles/CMakeTmp/CMakeFiles 1
Building C object CMakeFiles/cmTryCompileExec2192570766.dir/CheckFunctionExists.c.o
/usr/bin/cc   -DCHECK_FUNCTION_EXISTS=pthread_create   -o CMakeFiles/cmTryCompileExec2192570766.dir/CheckFunctionExists.c.o   -c /usr/share/cmake-2.8/Modules/CheckFunctionExists.c
Linking C executable cmTryCompileExec2192570766
/usr/bin/cmake -E cmake_link_script CMakeFiles/cmTryCompileExec2192570766.dir/link.txt --verbose=1
/usr/bin/cc   -DCHECK_FUNCTION_EXISTS=pthread_create    CMakeFiles/cmTryCompileExec2192570766.dir/CheckFunctionExists.c.o  -o cmTryCompileExec2192570766 -rdynamic -lpthreads 
/usr/bin/ld: cannot find -lpthreads
collect2: error: ld returned 1 exit status
make[1]: Leaving directory `/home/osboxes/catkin_ws/build/CMakeFiles/CMakeTmp'
make[1]: *** [cmTryCompileExec2192570766] Error 1
make: *** [cmTryCompileExec2192570766/fast] Error 2


